<?xml version="1.0" encoding="UTF-8"?>
<testsuite xmlns:xsi="http://www.w3.org/2001/XMLSchema-instance" xsi:noNamespaceSchemaLocation="https://maven.apache.org/surefire/maven-surefire-plugin/xsd/surefire-test-report-3.0.xsd" version="3.0" name="inventory.service.InventoryServiceTest" time="0.162" tests="8" errors="0" skipped="1" failures="0">
  <properties>
[...]
</properties>
  <testcase name="addValidInHousePart(double, int)[1]" classname="inventory.service.InventoryServiceTest" time="0.057">
    <system-out><![CDATA[I,1,piesa,0.1,5,5,10,1
I,2,piesa,1.0,6,5,10,1
I,3,piesa,1.7976931348623157E308,9,5,10,1
I,4,piesa,1.7976931348623157E308,10,5,10,1
I,5,piesa,0.1,5,5,10,1
I,6,piesa,1.0,6,5,10,1
I,7,piesa,1.7976931348623157E308,9,5,10,1
I,8,piesa,1.7976931348623157E308,10,5,10,1
I,9,piesa,0.1,5,5,10,1
I,1,piesa,0.1,5,5,10,1
I,2,piesa,1.0,6,5,10,1
I,3,piesa,1.7976931348623157E308,9,5,10,1
I,4,piesa,1.7976931348623157E308,10,5,10,1
I,5,piesa,0.1,5,5,10,1
I,6,piesa,1.0,6,5,10,1
I,7,piesa,1.7976931348623157E308,9,5,10,1
I,8,piesa,1.7976931348623157E308,10,5,10,1
I,9,piesa,0.1,5,5,10,1
]]></system-out>
  </testcase>
  <testcase name="addValidInHousePart(double, int)[2]" classname="inventory.service.InventoryServiceTest" time="0.004">
    <system-out><![CDATA[I,1,piesa,0.1,5,5,10,1
I,2,piesa,1.0,6,5,10,1
I,3,piesa,1.7976931348623157E308,9,5,10,1
I,4,piesa,1.7976931348623157E308,10,5,10,1
I,5,piesa,0.1,5,5,10,1
I,6,piesa,1.0,6,5,10,1
I,7,piesa,1.7976931348623157E308,9,5,10,1
I,8,piesa,1.7976931348623157E308,10,5,10,1
I,9,piesa,0.1,5,5,10,1
I,10,piesa,1.0,6,5,10,1
I,1,piesa,0.1,5,5,10,1
I,2,piesa,1.0,6,5,10,1
I,3,piesa,1.7976931348623157E308,9,5,10,1
I,4,piesa,1.7976931348623157E308,10,5,10,1
I,5,piesa,0.1,5,5,10,1
I,6,piesa,1.0,6,5,10,1
I,7,piesa,1.7976931348623157E308,9,5,10,1
I,8,piesa,1.7976931348623157E308,10,5,10,1
I,9,piesa,0.1,5,5,10,1
I,10,piesa,1.0,6,5,10,1
]]></system-out>
  </testcase>
  <testcase name="addValidInHousePart(double, int)[3]" classname="inventory.service.InventoryServiceTest" time="0.007">
    <system-out><![CDATA[I,1,piesa,0.1,5,5,10,1
I,2,piesa,1.0,6,5,10,1
I,3,piesa,1.7976931348623157E308,9,5,10,1
I,4,piesa,1.7976931348623157E308,10,5,10,1
I,5,piesa,0.1,5,5,10,1
I,6,piesa,1.0,6,5,10,1
I,7,piesa,1.7976931348623157E308,9,5,10,1
I,8,piesa,1.7976931348623157E308,10,5,10,1
I,9,piesa,0.1,5,5,10,1
I,10,piesa,1.0,6,5,10,1
I,11,piesa,1.7976931348623157E308,9,5,10,1
I,1,piesa,0.1,5,5,10,1
I,2,piesa,1.0,6,5,10,1
I,3,piesa,1.7976931348623157E308,9,5,10,1
I,4,piesa,1.7976931348623157E308,10,5,10,1
I,5,piesa,0.1,5,5,10,1
I,6,piesa,1.0,6,5,10,1
I,7,piesa,1.7976931348623157E308,9,5,10,1
I,8,piesa,1.7976931348623157E308,10,5,10,1
I,9,piesa,0.1,5,5,10,1
I,10,piesa,1.0,6,5,10,1
I,11,piesa,1.7976931348623157E308,9,5,10,1
]]></system-out>
  </testcase>
  <testcase name="addValidInHousePart(double, int)[4]" classname="inventory.service.InventoryServiceTest" time="0.006">
    <system-out><![CDATA[I,1,piesa,0.1,5,5,10,1
I,2,piesa,1.0,6,5,10,1
I,3,piesa,1.7976931348623157E308,9,5,10,1
I,4,piesa,1.7976931348623157E308,10,5,10,1
I,5,piesa,0.1,5,5,10,1
I,6,piesa,1.0,6,5,10,1
I,7,piesa,1.7976931348623157E308,9,5,10,1
I,8,piesa,1.7976931348623157E308,10,5,10,1
I,9,piesa,0.1,5,5,10,1
I,10,piesa,1.0,6,5,10,1
I,11,piesa,1.7976931348623157E308,9,5,10,1
I,12,piesa,1.7976931348623157E308,10,5,10,1
I,1,piesa,0.1,5,5,10,1
I,2,piesa,1.0,6,5,10,1
I,3,piesa,1.7976931348623157E308,9,5,10,1
I,4,piesa,1.7976931348623157E308,10,5,10,1
I,5,piesa,0.1,5,5,10,1
I,6,piesa,1.0,6,5,10,1
I,7,piesa,1.7976931348623157E308,9,5,10,1
I,8,piesa,1.7976931348623157E308,10,5,10,1
I,9,piesa,0.1,5,5,10,1
I,10,piesa,1.0,6,5,10,1
I,11,piesa,1.7976931348623157E308,9,5,10,1
I,12,piesa,1.7976931348623157E308,10,5,10,1
]]></system-out>
  </testcase>
  <testcase name="addInvalidPriceInHousePart(double)[1]" classname="inventory.service.InventoryServiceTest" time="0.01">
    <system-out><![CDATA[I,1,piesa,0.1,5,5,10,1
I,2,piesa,1.0,6,5,10,1
I,3,piesa,1.7976931348623157E308,9,5,10,1
I,4,piesa,1.7976931348623157E308,10,5,10,1
I,5,piesa,0.1,5,5,10,1
I,6,piesa,1.0,6,5,10,1
I,7,piesa,1.7976931348623157E308,9,5,10,1
I,8,piesa,1.7976931348623157E308,10,5,10,1
I,9,piesa,0.1,5,5,10,1
I,10,piesa,1.0,6,5,10,1
I,11,piesa,1.7976931348623157E308,9,5,10,1
I,12,piesa,1.7976931348623157E308,10,5,10,1
]]></system-out>
  </testcase>
  <testcase name="addInvalidInStockInHousePart(int)[1]" classname="inventory.service.InventoryServiceTest" time="0.007">
    <system-out><![CDATA[I,1,piesa,0.1,5,5,10,1
I,2,piesa,1.0,6,5,10,1
I,3,piesa,1.7976931348623157E308,9,5,10,1
I,4,piesa,1.7976931348623157E308,10,5,10,1
I,5,piesa,0.1,5,5,10,1
I,6,piesa,1.0,6,5,10,1
I,7,piesa,1.7976931348623157E308,9,5,10,1
I,8,piesa,1.7976931348623157E308,10,5,10,1
I,9,piesa,0.1,5,5,10,1
I,10,piesa,1.0,6,5,10,1
I,11,piesa,1.7976931348623157E308,9,5,10,1
I,12,piesa,1.7976931348623157E308,10,5,10,1
]]></system-out>
  </testcase>
  <testcase name="addInvalidInStockInHousePart(int)[2]" classname="inventory.service.InventoryServiceTest" time="0.004">
    <system-out><![CDATA[I,1,piesa,0.1,5,5,10,1
I,2,piesa,1.0,6,5,10,1
I,3,piesa,1.7976931348623157E308,9,5,10,1
I,4,piesa,1.7976931348623157E308,10,5,10,1
I,5,piesa,0.1,5,5,10,1
I,6,piesa,1.0,6,5,10,1
I,7,piesa,1.7976931348623157E308,9,5,10,1
I,8,piesa,1.7976931348623157E308,10,5,10,1
I,9,piesa,0.1,5,5,10,1
I,10,piesa,1.0,6,5,10,1
I,11,piesa,1.7976931348623157E308,9,5,10,1
I,12,piesa,1.7976931348623157E308,10,5,10,1
]]></system-out>
  </testcase>
  <testcase name="addInvalidInStockInHousePart" classname="inventory.service.InventoryServiceTest" time="0.0">
    <skipped message="In stock is overflowing"/>
  </testcase>
</testsuite>